<?xml version="1.0" encoding="UTF-8"?>
<testng-results total="1" passed="1" failed="0" skipped="0">
  <reporter-output>
  </reporter-output>
  <suite started-at="2020-09-07T19:34:53Z" name="Default suite" finished-at="2020-09-07T19:34:53Z" duration-ms="61">
    <groups>
    </groups>
    <test started-at="2020-09-07T19:34:53Z" name="Default test" finished-at="2020-09-07T19:34:53Z" duration-ms="61">
      <class name="TestNgTutorial.TestNGBasic">
        <test-method signature="firstProgram()[pri:0, instance:TestNgTutorial.TestNGBasic@3e27aa33]" started-at="2020-09-08T01:04:53Z" name="firstProgram" finished-at="2020-09-08T01:04:53Z" duration-ms="17" status="PASS">
          <reporter-output>
          </reporter-output>
        </test-method> <!-- firstProgram -->
      </class> <!-- TestNgTutorial.TestNGBasic -->
    </test> <!-- Default test -->
  </suite> <!-- Default suite -->
</testng-results>
